2025-09-15 20:46:39 | INFO | {'message': 'I just loved JavaScript! It was weird.', 'author': 'Eve', 'timestamp': '2025-09-15 20:46:39', 'category': 'tech', 'sentiment': 0.42, 'keyword_mentioned': 'JavaScript', 'message_length': 38}
2025-09-15 20:46:44 | INFO | {'message': 'I just tried a trick! It was funny.', 'author': 'Bob', 'timestamp': '2025-09-15 20:46:44', 'category': 'other', 'sentiment': 0.58, 'keyword_mentioned': 'other', 'message_length': 35}
2025-09-15 20:46:49 | INFO | {'message': 'I just tried a movie! It was weird.', 'author': 'Charlie', 'timestamp': '2025-09-15 20:46:49', 'category': 'entertainment', 'sentiment': 0.38, 'keyword_mentioned': 'movie', 'message_length': 35}
2025-09-15 20:46:54 | INFO | {'message': 'I just found Python! It was weird.', 'author': 'Eve', 'timestamp': '2025-09-15 20:46:54', 'category': 'tech', 'sentiment': 0.45, 'keyword_mentioned': 'Python', 'message_length': 34}
2025-09-15 20:47:00 | INFO | {'message': 'I just saw a movie! It was amazing.', 'author': 'Alice', 'timestamp': '2025-09-15 20:47:00', 'category': 'entertainment', 'sentiment': 0.91, 'keyword_mentioned': 'movie', 'message_length': 35}
2025-09-15 20:47:05 | INFO | {'message': 'I just saw a trick! It was exciting.', 'author': 'Alice', 'timestamp': '2025-09-15 20:47:05', 'category': 'other', 'sentiment': 0.25, 'keyword_mentioned': 'other', 'message_length': 36}
2025-09-15 20:47:10 | INFO | {'message': 'I just tried a trick! It was exciting.', 'author': 'Alice', 'timestamp': '2025-09-15 20:47:10', 'category': 'other', 'sentiment': 0.11, 'keyword_mentioned': 'other', 'message_length': 38}
2025-09-15 20:47:15 | INFO | {'message': 'I just saw a movie! It was amazing.', 'author': 'Eve', 'timestamp': '2025-09-15 20:47:15', 'category': 'entertainment', 'sentiment': 0.02, 'keyword_mentioned': 'movie', 'message_length': 35}
2025-09-15 20:47:20 | INFO | {'message': 'I just tried Python! It was funny.', 'author': 'Bob', 'timestamp': '2025-09-15 20:47:20', 'category': 'tech', 'sentiment': 0.73, 'keyword_mentioned': 'Python', 'message_length': 34}
2025-09-15 20:47:25 | INFO | {'message': 'I just found a trick! It was exciting.', 'author': 'Charlie', 'timestamp': '2025-09-15 20:47:25', 'category': 'other', 'sentiment': 0.81, 'keyword_mentioned': 'other', 'message_length': 38}
2025-09-15 20:47:30 | INFO | {'message': 'I just tried recipe! It was amazing.', 'author': 'Charlie', 'timestamp': '2025-09-15 20:47:30', 'category': 'food', 'sentiment': 0.42, 'keyword_mentioned': 'recipe', 'message_length': 36}
2025-09-15 20:47:35 | INFO | {'message': 'I just shared a story! It was weird.', 'author': 'Alice', 'timestamp': '2025-09-15 20:47:35', 'category': 'other', 'sentiment': 0.1, 'keyword_mentioned': 'other', 'message_length': 36}
2025-09-15 20:47:40 | INFO | {'message': 'I just shared travel! It was funny.', 'author': 'Eve', 'timestamp': '2025-09-15 20:47:40', 'category': 'travel', 'sentiment': 0.59, 'keyword_mentioned': 'travel', 'message_length': 35}
2025-09-15 20:48:32 | INFO | Logging to file: logs/project_log.log
2025-09-15 20:48:32 | INFO | Log sanitization enabled, personal info removed
2025-09-15 20:48:32 | INFO | Starting Producer to run continuously.
2025-09-15 20:48:32 | INFO | Use Ctrl+C to stop.
2025-09-15 20:48:32 | INFO | MESSAGE_INTERVAL_SECONDS: 5
2025-09-15 20:48:32 | INFO | BUZZ_TOPIC: buzzline
2025-09-15 20:48:32 | INFO | KAFKA_BROKER_ADDRESS: 127.0.0.1:9092
2025-09-15 20:48:32 | INFO | BASE_DATA_DIR: PROJECT_ROOT/data
2025-09-15 20:48:32 | INFO | LIVE_DATA_PATH: PROJECT_ROOT/data/project_live.json
2025-09-15 20:48:32 | INFO | BASE_DATA_DIR: PROJECT_ROOT/data
2025-09-15 20:48:32 | INFO | SQLITE_PATH: PROJECT_ROOT/data/buzz.sqlite
2025-09-15 20:48:32 | INFO | Deleted existing live data file.
2025-09-15 20:48:32 | INFO | Kafka broker address: localhost:9092
2025-09-15 20:48:33 | INFO | Kafka is ready. Brokers: {'throttle_time_ms': 0, 'brokers': [{'node_id': 1, 'host': 'localhost', 'port': 9092, 'rack': None}], 'cluster_id': 'fyTwFSU3TlSmymUFvycPSg', 'controller_id': 1}
2025-09-15 20:48:35 | WARNING | WARNING: Kafka setup failed: NoBrokersAvailable
2025-09-15 20:48:35 | INFO | {'message': 'I just found travel! It was amazing.', 'author': 'Eve', 'timestamp': '2025-09-15 20:48:35', 'category': 'travel', 'sentiment': 0.58, 'keyword_mentioned': 'travel', 'message_length': 36}
2025-09-15 20:48:40 | INFO | {'message': 'I just found a movie! It was amazing.', 'author': 'Bob', 'timestamp': '2025-09-15 20:48:40', 'category': 'entertainment', 'sentiment': 0.5, 'keyword_mentioned': 'movie', 'message_length': 37}
2025-09-15 20:48:45 | INFO | {'message': 'I just loved a story! It was exciting.', 'author': 'Charlie', 'timestamp': '2025-09-15 20:48:45', 'category': 'other', 'sentiment': 0.45, 'keyword_mentioned': 'other', 'message_length': 38}
2025-09-15 20:48:50 | INFO | {'message': 'I just found a meme! It was amazing.', 'author': 'Charlie', 'timestamp': '2025-09-15 20:48:50', 'category': 'humor', 'sentiment': 0.92, 'keyword_mentioned': 'meme', 'message_length': 36}
2025-09-15 20:48:55 | INFO | {'message': 'I just found game! It was weird.', 'author': 'Eve', 'timestamp': '2025-09-15 20:48:55', 'category': 'gaming', 'sentiment': 0.92, 'keyword_mentioned': 'game', 'message_length': 32}
2025-09-15 20:49:00 | INFO | {'message': 'I just shared an app! It was weird.', 'author': 'Bob', 'timestamp': '2025-09-15 20:49:00', 'category': 'other', 'sentiment': 0.1, 'keyword_mentioned': 'other', 'message_length': 35}
2025-09-15 20:49:03 | INFO | Logging to file: logs/project_log.log
2025-09-15 20:49:03 | INFO | Log sanitization enabled, personal info removed
2025-09-15 20:49:03 | INFO | Starting Consumer to run continuously.
2025-09-15 20:49:03 | INFO | Things can fail or get interrupted, so use a try block.
2025-09-15 20:49:03 | INFO | Moved .env variables into a utils config module.
2025-09-15 20:49:03 | INFO | STEP 1. Read environment variables using new config functions.
2025-09-15 20:49:03 | INFO | BUZZ_TOPIC: buzzline
2025-09-15 20:49:03 | INFO | KAFKA_BROKER_ADDRESS: 127.0.0.1:9092
2025-09-15 20:49:03 | INFO | BUZZ_CONSUMER_GROUP_ID: buzz_group
2025-09-15 20:49:03 | INFO | MESSAGE_INTERVAL_SECONDS: 5
2025-09-15 20:49:03 | INFO | BASE_DATA_DIR: PROJECT_ROOT/data
2025-09-15 20:49:03 | INFO | SQLITE_PATH: PROJECT_ROOT/data/buzz.sqlite
2025-09-15 20:49:03 | INFO | SUCCESS: Read environment variables.
2025-09-15 20:49:03 | INFO | STEP 2. Delete any prior database file for a fresh start.
2025-09-15 20:49:03 | INFO | SUCCESS: Deleted database file.
2025-09-15 20:49:03 | INFO | STEP 3. Initialize a new database with an empty table.
2025-09-15 20:49:03 | INFO | Calling SQLite init_db() with {db_path=}.
2025-09-15 20:49:03 | INFO | SUCCESS: Got a cursor to execute SQL.
2025-09-15 20:49:03 | INFO | SUCCESS: Database initialized and table ready at PROJECT_ROOT/data/buzz.sqlite.
2025-09-15 20:49:03 | INFO | STEP 4. Begin consuming and storing messages.
2025-09-15 20:49:03 | INFO | Called consume_messages_from_kafka() with:
2025-09-15 20:49:03 | INFO |    topic='buzzline'
2025-09-15 20:49:03 | INFO |    kafka_url='127.0.0.1:9092'
2025-09-15 20:49:03 | INFO |    group='buzz_group'
2025-09-15 20:49:03 | INFO |    sql_path=WindowsPath('C:/Projects/buzzline-05-meyer/data/buzz.sqlite')
2025-09-15 20:49:03 | INFO |    interval_secs=5
2025-09-15 20:49:03 | INFO | Step 1. Verify Kafka Services.
2025-09-15 20:49:03 | INFO | Kafka broker address: localhost:9092
2025-09-15 20:49:04 | INFO | Kafka is ready. Brokers: {'throttle_time_ms': 0, 'brokers': [{'node_id': 1, 'host': 'localhost', 'port': 9092, 'rack': None}], 'cluster_id': 'fyTwFSU3TlSmymUFvycPSg', 'controller_id': 1}
2025-09-15 20:49:04 | INFO | Step 2. Create a Kafka consumer.
2025-09-15 20:49:04 | INFO | Kafka broker address: localhost:9092
2025-09-15 20:49:04 | INFO | Creating Kafka consumer. Topic='buzzline' and group ID='buzz_group'.
2025-09-15 20:49:04 | INFO | Kafka consumer created successfully.
2025-09-15 20:49:04 | INFO | Step 3. Verify topic exists.
2025-09-15 20:49:04 | INFO | Kafka broker address: localhost:9092
2025-09-15 20:49:04 | INFO | Topic 'buzzline' exists: True
2025-09-15 20:49:04 | INFO | Kafka topic 'buzzline' is ready.
2025-09-15 20:49:04 | INFO | Step 4. Process messages.
2025-09-15 20:49:05 | INFO | {'message': 'I just loved an app! It was weird.', 'author': 'Eve', 'timestamp': '2025-09-15 20:49:05', 'category': 'other', 'sentiment': 0.65, 'keyword_mentioned': 'other', 'message_length': 34}
2025-09-15 20:49:10 | INFO | {'message': 'I just tried Python! It was exciting.', 'author': 'Charlie', 'timestamp': '2025-09-15 20:49:10', 'category': 'tech', 'sentiment': 0.2, 'keyword_mentioned': 'Python', 'message_length': 37}
2025-09-15 20:49:15 | INFO | {'message': 'I just shared Python! It was funny.', 'author': 'Charlie', 'timestamp': '2025-09-15 20:49:15', 'category': 'tech', 'sentiment': 0.73, 'keyword_mentioned': 'Python', 'message_length': 35}
2025-09-15 20:49:20 | INFO | {'message': 'I just loved an app! It was funny.', 'author': 'Alice', 'timestamp': '2025-09-15 20:49:20', 'category': 'other', 'sentiment': 0.03, 'keyword_mentioned': 'other', 'message_length': 34}
2025-09-15 20:49:24 | WARNING | Consumer interrupted by user.
2025-09-15 20:49:24 | INFO | Consumer shutting down.
2025-09-15 20:49:25 | INFO | {'message': 'I just tried a trick! It was boring.', 'author': 'Eve', 'timestamp': '2025-09-15 20:49:25', 'category': 'other', 'sentiment': 0.29, 'keyword_mentioned': 'other', 'message_length': 36}
2025-09-15 20:49:30 | INFO | {'message': 'I just tried recipe! It was exciting.', 'author': 'Alice', 'timestamp': '2025-09-15 20:49:30', 'category': 'food', 'sentiment': 0.1, 'keyword_mentioned': 'recipe', 'message_length': 37}
2025-09-15 20:49:35 | INFO | {'message': 'I just tried Python! It was boring.', 'author': 'Alice', 'timestamp': '2025-09-15 20:49:35', 'category': 'tech', 'sentiment': 0.37, 'keyword_mentioned': 'Python', 'message_length': 35}
2025-09-15 20:49:40 | INFO | {'message': 'I just saw JavaScript! It was exciting.', 'author': 'Charlie', 'timestamp': '2025-09-15 20:49:40', 'category': 'tech', 'sentiment': 0.52, 'keyword_mentioned': 'JavaScript', 'message_length': 39}
2025-09-15 20:49:42 | INFO | Logging to file: logs/project_log.log
2025-09-15 20:49:42 | INFO | Log sanitization enabled, personal info removed
2025-09-15 20:49:42 | INFO | Starting Consumer to run continuously.
2025-09-15 20:49:42 | INFO | Things can fail or get interrupted, so use a try block.
2025-09-15 20:49:42 | INFO | Moved .env variables into a utils config module.
2025-09-15 20:49:42 | INFO | STEP 1. Read environment variables using new config functions.
2025-09-15 20:49:42 | INFO | MESSAGE_INTERVAL_SECONDS: 5
2025-09-15 20:49:42 | INFO | BASE_DATA_DIR: PROJECT_ROOT/data
2025-09-15 20:49:42 | INFO | LIVE_DATA_PATH: PROJECT_ROOT/data/project_live.json
2025-09-15 20:49:42 | INFO | BASE_DATA_DIR: PROJECT_ROOT/data
2025-09-15 20:49:42 | INFO | SQLITE_PATH: PROJECT_ROOT/data/buzz.sqlite
2025-09-15 20:49:42 | INFO | SUCCESS: Read environment variables.
2025-09-15 20:49:42 | INFO | STEP 2. Delete any prior database file for a fresh start.
2025-09-15 20:49:42 | INFO | SUCCESS: Deleted database file.
2025-09-15 20:49:42 | INFO | STEP 3. Initialize a new database with an empty table.
2025-09-15 20:49:42 | INFO | Calling SQLite init_db() with {db_path=}.
2025-09-15 20:49:42 | INFO | SUCCESS: Got a cursor to execute SQL.
2025-09-15 20:49:42 | INFO | SUCCESS: Database initialized and table ready at PROJECT_ROOT/data/buzz.sqlite.
2025-09-15 20:49:42 | INFO | STEP 4. Begin consuming and storing messages.
2025-09-15 20:49:42 | INFO | Called consume_messages_from_file() with:
2025-09-15 20:49:42 | INFO |    live_data_path=WindowsPath('C:/Projects/buzzline-05-meyer/data/project_live.json')
2025-09-15 20:49:42 | INFO |    sql_path=WindowsPath('C:/Projects/buzzline-05-meyer/data/buzz.sqlite')
2025-09-15 20:49:42 | INFO |    interval_secs=5
2025-09-15 20:49:42 | INFO |    last_position=0
2025-09-15 20:49:42 | INFO | 1. Initialize the database.
2025-09-15 20:49:42 | INFO | Calling SQLite init_db() with {db_path=}.
2025-09-15 20:49:42 | INFO | SUCCESS: Got a cursor to execute SQL.
2025-09-15 20:49:42 | INFO | SUCCESS: Database initialized and table ready at PROJECT_ROOT/data/buzz.sqlite.
2025-09-15 20:49:42 | INFO | 2. Set the last position to 0 to start at the beginning of the file.
2025-09-15 20:49:42 | INFO | 3. Read from live data file at position 0.
2025-09-15 20:49:42 | INFO | Processed message: {'message': 'I just found travel! It was amazing.', 'author': 'Eve', 'timestamp': '2025-09-15 20:48:35', 'category': 'travel', 'sentiment': 0.58, 'keyword_mentioned': 'travel', 'message_length': 36}
2025-09-15 20:49:42 | INFO | Calling SQLite insert_message() with:
2025-09-15 20:49:42 | INFO | message={'message': 'I just found travel! It was amazing.', 'author': 'Eve', 'timestamp': '2025-09-15 20:48:35', 'category': 'travel', 'sentiment': 0.58, 'keyword_mentioned': 'travel', 'message_length': 36}
2025-09-15 20:49:42 | INFO | db_path=WindowsPath('C:/Projects/buzzline-05-meyer/data/buzz.sqlite')
2025-09-15 20:49:42 | INFO | Inserted one message into the database.
2025-09-15 20:49:42 | INFO | Processed message: {'message': 'I just found a movie! It was amazing.', 'author': 'Bob', 'timestamp': '2025-09-15 20:48:40', 'category': 'entertainment', 'sentiment': 0.5, 'keyword_mentioned': 'movie', 'message_length': 37}
2025-09-15 20:49:42 | INFO | Calling SQLite insert_message() with:
2025-09-15 20:49:42 | INFO | message={'message': 'I just found a movie! It was amazing.', 'author': 'Bob', 'timestamp': '2025-09-15 20:48:40', 'category': 'entertainment', 'sentiment': 0.5, 'keyword_mentioned': 'movie', 'message_length': 37}
2025-09-15 20:49:42 | INFO | db_path=WindowsPath('C:/Projects/buzzline-05-meyer/data/buzz.sqlite')
2025-09-15 20:49:42 | INFO | Inserted one message into the database.
2025-09-15 20:49:42 | INFO | Processed message: {'message': 'I just loved a story! It was exciting.', 'author': 'Charlie', 'timestamp': '2025-09-15 20:48:45', 'category': 'other', 'sentiment': 0.45, 'keyword_mentioned': 'other', 'message_length': 38}
2025-09-15 20:49:42 | INFO | Calling SQLite insert_message() with:
2025-09-15 20:49:42 | INFO | message={'message': 'I just loved a story! It was exciting.', 'author': 'Charlie', 'timestamp': '2025-09-15 20:48:45', 'category': 'other', 'sentiment': 0.45, 'keyword_mentioned': 'other', 'message_length': 38}
2025-09-15 20:49:42 | INFO | db_path=WindowsPath('C:/Projects/buzzline-05-meyer/data/buzz.sqlite')
2025-09-15 20:49:42 | INFO | Inserted one message into the database.
2025-09-15 20:49:42 | INFO | Processed message: {'message': 'I just found a meme! It was amazing.', 'author': 'Charlie', 'timestamp': '2025-09-15 20:48:50', 'category': 'humor', 'sentiment': 0.92, 'keyword_mentioned': 'meme', 'message_length': 36}
2025-09-15 20:49:42 | INFO | Calling SQLite insert_message() with:
2025-09-15 20:49:42 | INFO | message={'message': 'I just found a meme! It was amazing.', 'author': 'Charlie', 'timestamp': '2025-09-15 20:48:50', 'category': 'humor', 'sentiment': 0.92, 'keyword_mentioned': 'meme', 'message_length': 36}
2025-09-15 20:49:42 | INFO | db_path=WindowsPath('C:/Projects/buzzline-05-meyer/data/buzz.sqlite')
2025-09-15 20:49:42 | INFO | Inserted one message into the database.
2025-09-15 20:49:42 | INFO | Processed message: {'message': 'I just found game! It was weird.', 'author': 'Eve', 'timestamp': '2025-09-15 20:48:55', 'category': 'gaming', 'sentiment': 0.92, 'keyword_mentioned': 'game', 'message_length': 32}
2025-09-15 20:49:42 | INFO | Calling SQLite insert_message() with:
2025-09-15 20:49:42 | INFO | message={'message': 'I just found game! It was weird.', 'author': 'Eve', 'timestamp': '2025-09-15 20:48:55', 'category': 'gaming', 'sentiment': 0.92, 'keyword_mentioned': 'game', 'message_length': 32}
2025-09-15 20:49:42 | INFO | db_path=WindowsPath('C:/Projects/buzzline-05-meyer/data/buzz.sqlite')
2025-09-15 20:49:42 | INFO | Inserted one message into the database.
2025-09-15 20:49:42 | INFO | Processed message: {'message': 'I just shared an app! It was weird.', 'author': 'Bob', 'timestamp': '2025-09-15 20:49:00', 'category': 'other', 'sentiment': 0.1, 'keyword_mentioned': 'other', 'message_length': 35}
2025-09-15 20:49:42 | INFO | Calling SQLite insert_message() with:
2025-09-15 20:49:42 | INFO | message={'message': 'I just shared an app! It was weird.', 'author': 'Bob', 'timestamp': '2025-09-15 20:49:00', 'category': 'other', 'sentiment': 0.1, 'keyword_mentioned': 'other', 'message_length': 35}
2025-09-15 20:49:42 | INFO | db_path=WindowsPath('C:/Projects/buzzline-05-meyer/data/buzz.sqlite')
2025-09-15 20:49:42 | INFO | Inserted one message into the database.
2025-09-15 20:49:42 | INFO | Processed message: {'message': 'I just loved an app! It was weird.', 'author': 'Eve', 'timestamp': '2025-09-15 20:49:05', 'category': 'other', 'sentiment': 0.65, 'keyword_mentioned': 'other', 'message_length': 34}
2025-09-15 20:49:42 | INFO | Calling SQLite insert_message() with:
2025-09-15 20:49:42 | INFO | message={'message': 'I just loved an app! It was weird.', 'author': 'Eve', 'timestamp': '2025-09-15 20:49:05', 'category': 'other', 'sentiment': 0.65, 'keyword_mentioned': 'other', 'message_length': 34}
2025-09-15 20:49:42 | INFO | db_path=WindowsPath('C:/Projects/buzzline-05-meyer/data/buzz.sqlite')
2025-09-15 20:49:42 | INFO | Inserted one message into the database.
2025-09-15 20:49:42 | INFO | Processed message: {'message': 'I just tried Python! It was exciting.', 'author': 'Charlie', 'timestamp': '2025-09-15 20:49:10', 'category': 'tech', 'sentiment': 0.2, 'keyword_mentioned': 'Python', 'message_length': 37}
2025-09-15 20:49:42 | INFO | Calling SQLite insert_message() with:
2025-09-15 20:49:42 | INFO | message={'message': 'I just tried Python! It was exciting.', 'author': 'Charlie', 'timestamp': '2025-09-15 20:49:10', 'category': 'tech', 'sentiment': 0.2, 'keyword_mentioned': 'Python', 'message_length': 37}
2025-09-15 20:49:42 | INFO | db_path=WindowsPath('C:/Projects/buzzline-05-meyer/data/buzz.sqlite')
2025-09-15 20:49:42 | INFO | Inserted one message into the database.
2025-09-15 20:49:42 | INFO | Processed message: {'message': 'I just shared Python! It was funny.', 'author': 'Charlie', 'timestamp': '2025-09-15 20:49:15', 'category': 'tech', 'sentiment': 0.73, 'keyword_mentioned': 'Python', 'message_length': 35}
2025-09-15 20:49:42 | INFO | Calling SQLite insert_message() with:
2025-09-15 20:49:42 | INFO | message={'message': 'I just shared Python! It was funny.', 'author': 'Charlie', 'timestamp': '2025-09-15 20:49:15', 'category': 'tech', 'sentiment': 0.73, 'keyword_mentioned': 'Python', 'message_length': 35}
2025-09-15 20:49:42 | INFO | db_path=WindowsPath('C:/Projects/buzzline-05-meyer/data/buzz.sqlite')
2025-09-15 20:49:42 | INFO | Inserted one message into the database.
2025-09-15 20:49:42 | INFO | Processed message: {'message': 'I just loved an app! It was funny.', 'author': 'Alice', 'timestamp': '2025-09-15 20:49:20', 'category': 'other', 'sentiment': 0.03, 'keyword_mentioned': 'other', 'message_length': 34}
2025-09-15 20:49:42 | INFO | Calling SQLite insert_message() with:
2025-09-15 20:49:42 | INFO | message={'message': 'I just loved an app! It was funny.', 'author': 'Alice', 'timestamp': '2025-09-15 20:49:20', 'category': 'other', 'sentiment': 0.03, 'keyword_mentioned': 'other', 'message_length': 34}
2025-09-15 20:49:42 | INFO | db_path=WindowsPath('C:/Projects/buzzline-05-meyer/data/buzz.sqlite')
2025-09-15 20:49:42 | INFO | Inserted one message into the database.
2025-09-15 20:49:42 | INFO | Processed message: {'message': 'I just tried a trick! It was boring.', 'author': 'Eve', 'timestamp': '2025-09-15 20:49:25', 'category': 'other', 'sentiment': 0.29, 'keyword_mentioned': 'other', 'message_length': 36}
2025-09-15 20:49:42 | INFO | Calling SQLite insert_message() with:
2025-09-15 20:49:42 | INFO | message={'message': 'I just tried a trick! It was boring.', 'author': 'Eve', 'timestamp': '2025-09-15 20:49:25', 'category': 'other', 'sentiment': 0.29, 'keyword_mentioned': 'other', 'message_length': 36}
2025-09-15 20:49:42 | INFO | db_path=WindowsPath('C:/Projects/buzzline-05-meyer/data/buzz.sqlite')
2025-09-15 20:49:42 | INFO | Inserted one message into the database.
2025-09-15 20:49:42 | INFO | Processed message: {'message': 'I just tried recipe! It was exciting.', 'author': 'Alice', 'timestamp': '2025-09-15 20:49:30', 'category': 'food', 'sentiment': 0.1, 'keyword_mentioned': 'recipe', 'message_length': 37}
2025-09-15 20:49:42 | INFO | Calling SQLite insert_message() with:
2025-09-15 20:49:42 | INFO | message={'message': 'I just tried recipe! It was exciting.', 'author': 'Alice', 'timestamp': '2025-09-15 20:49:30', 'category': 'food', 'sentiment': 0.1, 'keyword_mentioned': 'recipe', 'message_length': 37}
2025-09-15 20:49:42 | INFO | db_path=WindowsPath('C:/Projects/buzzline-05-meyer/data/buzz.sqlite')
2025-09-15 20:49:42 | INFO | Inserted one message into the database.
2025-09-15 20:49:42 | INFO | Processed message: {'message': 'I just tried Python! It was boring.', 'author': 'Alice', 'timestamp': '2025-09-15 20:49:35', 'category': 'tech', 'sentiment': 0.37, 'keyword_mentioned': 'Python', 'message_length': 35}
2025-09-15 20:49:42 | INFO | Calling SQLite insert_message() with:
2025-09-15 20:49:42 | INFO | message={'message': 'I just tried Python! It was boring.', 'author': 'Alice', 'timestamp': '2025-09-15 20:49:35', 'category': 'tech', 'sentiment': 0.37, 'keyword_mentioned': 'Python', 'message_length': 35}
2025-09-15 20:49:42 | INFO | db_path=WindowsPath('C:/Projects/buzzline-05-meyer/data/buzz.sqlite')
2025-09-15 20:49:42 | INFO | Inserted one message into the database.
2025-09-15 20:49:42 | INFO | Processed message: {'message': 'I just saw JavaScript! It was exciting.', 'author': 'Charlie', 'timestamp': '2025-09-15 20:49:40', 'category': 'tech', 'sentiment': 0.52, 'keyword_mentioned': 'JavaScript', 'message_length': 39}
2025-09-15 20:49:42 | INFO | Calling SQLite insert_message() with:
2025-09-15 20:49:42 | INFO | message={'message': 'I just saw JavaScript! It was exciting.', 'author': 'Charlie', 'timestamp': '2025-09-15 20:49:40', 'category': 'tech', 'sentiment': 0.52, 'keyword_mentioned': 'JavaScript', 'message_length': 39}
2025-09-15 20:49:42 | INFO | db_path=WindowsPath('C:/Projects/buzzline-05-meyer/data/buzz.sqlite')
2025-09-15 20:49:42 | INFO | Inserted one message into the database.
2025-09-15 20:49:42 | INFO | TRY/FINALLY: Consumer shutting down.
2025-09-15 20:49:45 | INFO | {'message': 'I just shared a meme! It was exciting.', 'author': 'Eve', 'timestamp': '2025-09-15 20:49:45', 'category': 'humor', 'sentiment': 0.4, 'keyword_mentioned': 'meme', 'message_length': 38}
2025-09-15 20:49:50 | INFO | {'message': 'I just saw a story! It was boring.', 'author': 'Eve', 'timestamp': '2025-09-15 20:49:50', 'category': 'other', 'sentiment': 0.68, 'keyword_mentioned': 'other', 'message_length': 34}
2025-09-15 20:49:55 | INFO | {'message': 'I just saw a story! It was amazing.', 'author': 'Charlie', 'timestamp': '2025-09-15 20:49:55', 'category': 'other', 'sentiment': 0.72, 'keyword_mentioned': 'other', 'message_length': 35}
2025-09-15 20:49:59 | INFO | Logging to file: logs/project_log.log
2025-09-15 20:49:59 | INFO | Log sanitization enabled, personal info removed
2025-09-15 20:50:00 | INFO | {'message': 'I just tried recipe! It was weird.', 'author': 'Bob', 'timestamp': '2025-09-15 20:50:00', 'category': 'food', 'sentiment': 0.46, 'keyword_mentioned': 'recipe', 'message_length': 34}
2025-09-15 20:50:05 | INFO | {'message': 'I just tried an app! It was weird.', 'author': 'Eve', 'timestamp': '2025-09-15 20:50:05', 'category': 'other', 'sentiment': 0.51, 'keyword_mentioned': 'other', 'message_length': 34}
2025-09-15 20:50:10 | INFO | {'message': 'I just saw game! It was amazing.', 'author': 'Charlie', 'timestamp': '2025-09-15 20:50:10', 'category': 'gaming', 'sentiment': 0.48, 'keyword_mentioned': 'game', 'message_length': 32}
2025-09-15 20:50:15 | INFO | {'message': 'I just found a trick! It was funny.', 'author': 'Charlie', 'timestamp': '2025-09-15 20:50:15', 'category': 'other', 'sentiment': 0.47, 'keyword_mentioned': 'other', 'message_length': 35}
2025-09-15 20:50:20 | INFO | {'message': 'I just loved recipe! It was amazing.', 'author': 'Eve', 'timestamp': '2025-09-15 20:50:20', 'category': 'food', 'sentiment': 0.25, 'keyword_mentioned': 'recipe', 'message_length': 36}
2025-09-15 20:50:25 | INFO | {'message': 'I just found an app! It was amazing.', 'author': 'Charlie', 'timestamp': '2025-09-15 20:50:25', 'category': 'other', 'sentiment': 0.58, 'keyword_mentioned': 'other', 'message_length': 36}
2025-09-15 20:50:30 | INFO | {'message': 'I just found game! It was exciting.', 'author': 'Charlie', 'timestamp': '2025-09-15 20:50:30', 'category': 'gaming', 'sentiment': 0.7, 'keyword_mentioned': 'game', 'message_length': 35}
2025-09-15 20:50:35 | INFO | {'message': 'I just saw a movie! It was weird.', 'author': 'Eve', 'timestamp': '2025-09-15 20:50:35', 'category': 'entertainment', 'sentiment': 0.88, 'keyword_mentioned': 'movie', 'message_length': 33}
2025-09-15 20:50:40 | INFO | {'message': 'I just loved a meme! It was amazing.', 'author': 'Alice', 'timestamp': '2025-09-15 20:50:40', 'category': 'humor', 'sentiment': 0.23, 'keyword_mentioned': 'meme', 'message_length': 36}
2025-09-15 20:50:45 | INFO | {'message': 'I just loved recipe! It was weird.', 'author': 'Eve', 'timestamp': '2025-09-15 20:50:45', 'category': 'food', 'sentiment': 0.44, 'keyword_mentioned': 'recipe', 'message_length': 34}
2025-09-15 20:50:50 | INFO | {'message': 'I just loved game! It was exciting.', 'author': 'Eve', 'timestamp': '2025-09-15 20:50:50', 'category': 'gaming', 'sentiment': 0.67, 'keyword_mentioned': 'game', 'message_length': 35}
2025-09-15 20:50:55 | INFO | {'message': 'I just shared recipe! It was exciting.', 'author': 'Bob', 'timestamp': '2025-09-15 20:50:55', 'category': 'food', 'sentiment': 0.04, 'keyword_mentioned': 'recipe', 'message_length': 38}
2025-09-15 20:51:00 | INFO | {'message': 'I just found an app! It was amazing.', 'author': 'Eve', 'timestamp': '2025-09-15 20:51:00', 'category': 'other', 'sentiment': 0.32, 'keyword_mentioned': 'other', 'message_length': 36}
2025-09-15 20:51:05 | INFO | {'message': 'I just tried a movie! It was amazing.', 'author': 'Bob', 'timestamp': '2025-09-15 20:51:05', 'category': 'entertainment', 'sentiment': 0.78, 'keyword_mentioned': 'movie', 'message_length': 37}
2025-09-15 20:51:10 | INFO | {'message': 'I just shared an app! It was funny.', 'author': 'Eve', 'timestamp': '2025-09-15 20:51:10', 'category': 'other', 'sentiment': 0.28, 'keyword_mentioned': 'other', 'message_length': 35}
2025-09-15 20:51:15 | INFO | {'message': 'I just saw JavaScript! It was amazing.', 'author': 'Alice', 'timestamp': '2025-09-15 20:51:15', 'category': 'tech', 'sentiment': 0.17, 'keyword_mentioned': 'JavaScript', 'message_length': 38}
2025-09-15 20:51:20 | INFO | {'message': 'I just loved travel! It was weird.', 'author': 'Alice', 'timestamp': '2025-09-15 20:51:20', 'category': 'travel', 'sentiment': 0.54, 'keyword_mentioned': 'travel', 'message_length': 34}
2025-09-15 20:51:25 | INFO | {'message': 'I just saw travel! It was funny.', 'author': 'Eve', 'timestamp': '2025-09-15 20:51:25', 'category': 'travel', 'sentiment': 0.89, 'keyword_mentioned': 'travel', 'message_length': 32}
2025-09-15 20:51:30 | INFO | {'message': 'I just loved a trick! It was weird.', 'author': 'Bob', 'timestamp': '2025-09-15 20:51:30', 'category': 'other', 'sentiment': 0.73, 'keyword_mentioned': 'other', 'message_length': 35}
2025-09-15 20:51:35 | INFO | {'message': 'I just shared an app! It was amazing.', 'author': 'Charlie', 'timestamp': '2025-09-15 20:51:35', 'category': 'other', 'sentiment': 0.95, 'keyword_mentioned': 'other', 'message_length': 37}
2025-09-15 20:51:40 | INFO | {'message': 'I just found travel! It was exciting.', 'author': 'Charlie', 'timestamp': '2025-09-15 20:51:40', 'category': 'travel', 'sentiment': 0.09, 'keyword_mentioned': 'travel', 'message_length': 37}
2025-09-15 20:51:45 | INFO | {'message': 'I just saw recipe! It was boring.', 'author': 'Eve', 'timestamp': '2025-09-15 20:51:45', 'category': 'food', 'sentiment': 0.72, 'keyword_mentioned': 'recipe', 'message_length': 33}
2025-09-15 20:51:50 | INFO | {'message': 'I just loved game! It was weird.', 'author': 'Charlie', 'timestamp': '2025-09-15 20:51:50', 'category': 'gaming', 'sentiment': 0.25, 'keyword_mentioned': 'game', 'message_length': 32}
2025-09-15 20:51:55 | INFO | {'message': 'I just loved travel! It was funny.', 'author': 'Alice', 'timestamp': '2025-09-15 20:51:55', 'category': 'travel', 'sentiment': 0.3, 'keyword_mentioned': 'travel', 'message_length': 34}
2025-09-15 20:52:00 | INFO | {'message': 'I just saw game! It was exciting.', 'author': 'Eve', 'timestamp': '2025-09-15 20:52:00', 'category': 'gaming', 'sentiment': 0.75, 'keyword_mentioned': 'game', 'message_length': 33}
2025-09-15 20:52:05 | INFO | {'message': 'I just shared a story! It was weird.', 'author': 'Alice', 'timestamp': '2025-09-15 20:52:05', 'category': 'other', 'sentiment': 0.39, 'keyword_mentioned': 'other', 'message_length': 36}
2025-09-15 20:52:10 | INFO | {'message': 'I just shared travel! It was amazing.', 'author': 'Eve', 'timestamp': '2025-09-15 20:52:10', 'category': 'travel', 'sentiment': 0.94, 'keyword_mentioned': 'travel', 'message_length': 37}
2025-09-15 20:52:15 | INFO | {'message': 'I just tried game! It was amazing.', 'author': 'Bob', 'timestamp': '2025-09-15 20:52:15', 'category': 'gaming', 'sentiment': 0.88, 'keyword_mentioned': 'game', 'message_length': 34}
2025-09-15 20:52:16 | INFO | Logging to file: logs/project_log.log
2025-09-15 20:52:16 | INFO | Log sanitization enabled, personal info removed
2025-09-15 20:52:20 | INFO | {'message': 'I just tried JavaScript! It was funny.', 'author': 'Eve', 'timestamp': '2025-09-15 20:52:20', 'category': 'tech', 'sentiment': 0.87, 'keyword_mentioned': 'JavaScript', 'message_length': 38}
2025-09-15 20:52:25 | INFO | {'message': 'I just loved a story! It was weird.', 'author': 'Bob', 'timestamp': '2025-09-15 20:52:25', 'category': 'other', 'sentiment': 0.56, 'keyword_mentioned': 'other', 'message_length': 35}
2025-09-15 20:52:30 | INFO | {'message': 'I just found recipe! It was weird.', 'author': 'Bob', 'timestamp': '2025-09-15 20:52:30', 'category': 'food', 'sentiment': 0.83, 'keyword_mentioned': 'recipe', 'message_length': 34}
2025-09-15 20:52:35 | INFO | {'message': 'I just loved JavaScript! It was boring.', 'author': 'Bob', 'timestamp': '2025-09-15 20:52:35', 'category': 'tech', 'sentiment': 0.28, 'keyword_mentioned': 'JavaScript', 'message_length': 39}
2025-09-15 20:52:40 | INFO | {'message': 'I just found JavaScript! It was amazing.', 'author': 'Bob', 'timestamp': '2025-09-15 20:52:40', 'category': 'tech', 'sentiment': 0.88, 'keyword_mentioned': 'JavaScript', 'message_length': 40}
2025-09-15 20:52:45 | INFO | {'message': 'I just found a meme! It was boring.', 'author': 'Charlie', 'timestamp': '2025-09-15 20:52:45', 'category': 'humor', 'sentiment': 0.08, 'keyword_mentioned': 'meme', 'message_length': 35}
2025-09-15 20:52:46 | INFO | Logging to file: logs/project_log.log
2025-09-15 20:52:46 | INFO | Log sanitization enabled, personal info removed
2025-09-15 20:52:46 | INFO | Starting db testing.
2025-09-15 20:52:50 | INFO | {'message': 'I just shared a trick! It was amazing.', 'author': 'Eve', 'timestamp': '2025-09-15 20:52:50', 'category': 'other', 'sentiment': 0.04, 'keyword_mentioned': 'other', 'message_length': 38}
2025-09-15 20:52:55 | INFO | {'message': 'I just found a trick! It was funny.', 'author': 'Charlie', 'timestamp': '2025-09-15 20:52:55', 'category': 'other', 'sentiment': 0.25, 'keyword_mentioned': 'other', 'message_length': 35}
2025-09-15 20:53:00 | INFO | {'message': 'I just shared travel! It was weird.', 'author': 'Eve', 'timestamp': '2025-09-15 20:53:00', 'category': 'travel', 'sentiment': 0.24, 'keyword_mentioned': 'travel', 'message_length': 35}
2025-09-15 20:53:05 | INFO | {'message': 'I just loved a movie! It was exciting.', 'author': 'Bob', 'timestamp': '2025-09-15 20:53:05', 'category': 'entertainment', 'sentiment': 0.36, 'keyword_mentioned': 'movie', 'message_length': 38}
2025-09-15 20:53:10 | INFO | {'message': 'I just saw travel! It was amazing.', 'author': 'Alice', 'timestamp': '2025-09-15 20:53:10', 'category': 'travel', 'sentiment': 0.02, 'keyword_mentioned': 'travel', 'message_length': 34}
2025-09-15 20:53:15 | INFO | {'message': 'I just loved a trick! It was amazing.', 'author': 'Eve', 'timestamp': '2025-09-15 20:53:15', 'category': 'other', 'sentiment': 0.86, 'keyword_mentioned': 'other', 'message_length': 37}
2025-09-15 20:53:20 | INFO | {'message': 'I just shared an app! It was funny.', 'author': 'Bob', 'timestamp': '2025-09-15 20:53:20', 'category': 'other', 'sentiment': 0.15, 'keyword_mentioned': 'other', 'message_length': 35}
2025-09-15 20:53:25 | INFO | {'message': 'I just found an app! It was weird.', 'author': 'Alice', 'timestamp': '2025-09-15 20:53:25', 'category': 'other', 'sentiment': 0.06, 'keyword_mentioned': 'other', 'message_length': 34}
2025-09-15 20:53:30 | INFO | {'message': 'I just tried an app! It was weird.', 'author': 'Bob', 'timestamp': '2025-09-15 20:53:30', 'category': 'other', 'sentiment': 0.91, 'keyword_mentioned': 'other', 'message_length': 34}
2025-09-15 20:53:35 | INFO | {'message': 'I just saw a trick! It was boring.', 'author': 'Bob', 'timestamp': '2025-09-15 20:53:35', 'category': 'other', 'sentiment': 0.31, 'keyword_mentioned': 'other', 'message_length': 34}
2025-09-15 20:53:40 | INFO | {'message': 'I just tried a trick! It was exciting.', 'author': 'Eve', 'timestamp': '2025-09-15 20:53:40', 'category': 'other', 'sentiment': 0.57, 'keyword_mentioned': 'other', 'message_length': 38}
2025-09-15 20:53:45 | INFO | {'message': 'I just saw recipe! It was weird.', 'author': 'Eve', 'timestamp': '2025-09-15 20:53:45', 'category': 'food', 'sentiment': 0.86, 'keyword_mentioned': 'recipe', 'message_length': 32}
2025-09-15 20:53:50 | INFO | {'message': 'I just found a trick! It was weird.', 'author': 'Charlie', 'timestamp': '2025-09-15 20:53:50', 'category': 'other', 'sentiment': 0.7, 'keyword_mentioned': 'other', 'message_length': 35}
2025-09-15 20:53:55 | INFO | {'message': 'I just loved travel! It was amazing.', 'author': 'Alice', 'timestamp': '2025-09-15 20:53:55', 'category': 'travel', 'sentiment': 0.43, 'keyword_mentioned': 'travel', 'message_length': 36}
2025-09-15 20:54:00 | INFO | {'message': 'I just shared travel! It was exciting.', 'author': 'Bob', 'timestamp': '2025-09-15 20:54:00', 'category': 'travel', 'sentiment': 0.31, 'keyword_mentioned': 'travel', 'message_length': 38}
2025-09-15 20:54:05 | INFO | {'message': 'I just tried a trick! It was amazing.', 'author': 'Alice', 'timestamp': '2025-09-15 20:54:05', 'category': 'other', 'sentiment': 0.58, 'keyword_mentioned': 'other', 'message_length': 37}
2025-09-15 20:54:10 | INFO | {'message': 'I just shared an app! It was funny.', 'author': 'Eve', 'timestamp': '2025-09-15 20:54:10', 'category': 'other', 'sentiment': 0.37, 'keyword_mentioned': 'other', 'message_length': 35}
2025-09-15 20:54:15 | INFO | {'message': 'I just found a story! It was funny.', 'author': 'Eve', 'timestamp': '2025-09-15 20:54:15', 'category': 'other', 'sentiment': 0.51, 'keyword_mentioned': 'other', 'message_length': 35}
2025-09-15 20:54:20 | INFO | {'message': 'I just loved game! It was amazing.', 'author': 'Charlie', 'timestamp': '2025-09-15 20:54:20', 'category': 'gaming', 'sentiment': 0.85, 'keyword_mentioned': 'game', 'message_length': 34}
2025-09-15 20:54:25 | INFO | {'message': 'I just saw travel! It was amazing.', 'author': 'Alice', 'timestamp': '2025-09-15 20:54:25', 'category': 'travel', 'sentiment': 0.71, 'keyword_mentioned': 'travel', 'message_length': 34}
2025-09-15 20:54:30 | INFO | {'message': 'I just saw a story! It was weird.', 'author': 'Eve', 'timestamp': '2025-09-15 20:54:30', 'category': 'other', 'sentiment': 0.25, 'keyword_mentioned': 'other', 'message_length': 33}
2025-09-15 20:54:35 | INFO | {'message': 'I just loved a meme! It was funny.', 'author': 'Bob', 'timestamp': '2025-09-15 20:54:35', 'category': 'humor', 'sentiment': 0.57, 'keyword_mentioned': 'meme', 'message_length': 34}
2025-09-15 20:54:40 | INFO | {'message': 'I just saw a movie! It was exciting.', 'author': 'Bob', 'timestamp': '2025-09-15 20:54:40', 'category': 'entertainment', 'sentiment': 0.75, 'keyword_mentioned': 'movie', 'message_length': 36}
2025-09-15 20:54:45 | INFO | {'message': 'I just tried recipe! It was weird.', 'author': 'Eve', 'timestamp': '2025-09-15 20:54:45', 'category': 'food', 'sentiment': 0.34, 'keyword_mentioned': 'recipe', 'message_length': 34}
2025-09-15 20:54:50 | INFO | {'message': 'I just found Python! It was exciting.', 'author': 'Bob', 'timestamp': '2025-09-15 20:54:50', 'category': 'tech', 'sentiment': 0.5, 'keyword_mentioned': 'Python', 'message_length': 37}
2025-09-15 20:54:55 | INFO | {'message': 'I just found Python! It was exciting.', 'author': 'Alice', 'timestamp': '2025-09-15 20:54:55', 'category': 'tech', 'sentiment': 0.13, 'keyword_mentioned': 'Python', 'message_length': 37}
2025-09-15 20:55:00 | INFO | {'message': 'I just found an app! It was weird.', 'author': 'Bob', 'timestamp': '2025-09-15 20:55:00', 'category': 'other', 'sentiment': 0.59, 'keyword_mentioned': 'other', 'message_length': 34}
2025-09-15 20:55:05 | INFO | {'message': 'I just found a story! It was boring.', 'author': 'Eve', 'timestamp': '2025-09-15 20:55:05', 'category': 'other', 'sentiment': 0.51, 'keyword_mentioned': 'other', 'message_length': 36}
2025-09-15 20:55:10 | INFO | {'message': 'I just saw a meme! It was exciting.', 'author': 'Bob', 'timestamp': '2025-09-15 20:55:10', 'category': 'humor', 'sentiment': 0.76, 'keyword_mentioned': 'meme', 'message_length': 35}
2025-09-15 20:55:15 | INFO | {'message': 'I just found Python! It was boring.', 'author': 'Eve', 'timestamp': '2025-09-15 20:55:15', 'category': 'tech', 'sentiment': 0.5, 'keyword_mentioned': 'Python', 'message_length': 35}
2025-09-15 20:55:20 | INFO | {'message': 'I just found recipe! It was amazing.', 'author': 'Charlie', 'timestamp': '2025-09-15 20:55:20', 'category': 'food', 'sentiment': 0.78, 'keyword_mentioned': 'recipe', 'message_length': 36}
2025-09-15 20:55:25 | INFO | {'message': 'I just loved JavaScript! It was funny.', 'author': 'Charlie', 'timestamp': '2025-09-15 20:55:25', 'category': 'tech', 'sentiment': 0.6, 'keyword_mentioned': 'JavaScript', 'message_length': 38}
2025-09-15 20:55:30 | INFO | {'message': 'I just found recipe! It was exciting.', 'author': 'Bob', 'timestamp': '2025-09-15 20:55:30', 'category': 'food', 'sentiment': 0.11, 'keyword_mentioned': 'recipe', 'message_length': 37}
2025-09-15 20:55:35 | INFO | {'message': 'I just shared travel! It was boring.', 'author': 'Charlie', 'timestamp': '2025-09-15 20:55:35', 'category': 'travel', 'sentiment': 0.7, 'keyword_mentioned': 'travel', 'message_length': 36}
2025-09-15 20:55:40 | INFO | {'message': 'I just shared recipe! It was funny.', 'author': 'Charlie', 'timestamp': '2025-09-15 20:55:40', 'category': 'food', 'sentiment': 0.63, 'keyword_mentioned': 'recipe', 'message_length': 35}
2025-09-15 20:55:45 | INFO | {'message': 'I just found recipe! It was funny.', 'author': 'Charlie', 'timestamp': '2025-09-15 20:55:45', 'category': 'food', 'sentiment': 0.8, 'keyword_mentioned': 'recipe', 'message_length': 34}
2025-09-15 20:55:50 | INFO | {'message': 'I just found a story! It was funny.', 'author': 'Eve', 'timestamp': '2025-09-15 20:55:50', 'category': 'other', 'sentiment': 0.21, 'keyword_mentioned': 'other', 'message_length': 35}
2025-09-15 20:55:55 | INFO | {'message': 'I just saw JavaScript! It was exciting.', 'author': 'Alice', 'timestamp': '2025-09-15 20:55:55', 'category': 'tech', 'sentiment': 0.46, 'keyword_mentioned': 'JavaScript', 'message_length': 39}
2025-09-15 20:55:57 | INFO | Logging to file: logs/project_log.log
2025-09-15 20:55:57 | INFO | Log sanitization enabled, personal info removed
2025-09-15 20:55:57 | INFO | Starting db testing.
2025-09-15 20:55:57 | INFO | BASE_DATA_DIR: PROJECT_ROOT/data
2025-09-15 20:55:57 | INFO | Calling SQLite init_db() with {db_path=}.
2025-09-15 20:55:57 | INFO | SUCCESS: Got a cursor to execute SQL.
2025-09-15 20:55:57 | INFO | SUCCESS: Database initialized and table ready at PROJECT_ROOT/data/test_buzz.sqlite.
2025-09-15 20:55:57 | INFO | Initialized database file at PROJECT_ROOT/data/test_buzz.sqlite.
2025-09-15 20:55:57 | INFO | Calling SQLite insert_message() with:
2025-09-15 20:55:57 | INFO | message={'message': 'I just shared a meme! It was amazing.', 'author': 'Charlie', 'timestamp': '2025-01-29 14:35:20', 'category': 'humor', 'sentiment': 0.87, 'keyword_mentioned': 'meme', 'message_length': 42}
2025-09-15 20:55:57 | INFO | db_path=WindowsPath('C:/Projects/buzzline-05-meyer/data/test_buzz.sqlite')
2025-09-15 20:55:57 | INFO | Inserted one message into the database.
2025-09-15 20:55:57 | INFO | Deleted message with id 1 from the database.
2025-09-15 20:55:57 | INFO | Finished testing.
2025-09-15 20:56:00 | INFO | {'message': 'I just shared game! It was exciting.', 'author': 'Alice', 'timestamp': '2025-09-15 20:56:00', 'category': 'gaming', 'sentiment': 0.36, 'keyword_mentioned': 'game', 'message_length': 36}
2025-09-15 20:56:05 | INFO | {'message': 'I just tried a meme! It was funny.', 'author': 'Bob', 'timestamp': '2025-09-15 20:56:05', 'category': 'humor', 'sentiment': 0.55, 'keyword_mentioned': 'meme', 'message_length': 34}
2025-09-15 20:56:10 | INFO | {'message': 'I just found a trick! It was weird.', 'author': 'Bob', 'timestamp': '2025-09-15 20:56:10', 'category': 'other', 'sentiment': 0.68, 'keyword_mentioned': 'other', 'message_length': 35}
2025-09-15 20:56:15 | INFO | {'message': 'I just found a meme! It was amazing.', 'author': 'Charlie', 'timestamp': '2025-09-15 20:56:15', 'category': 'humor', 'sentiment': 0.99, 'keyword_mentioned': 'meme', 'message_length': 36}
2025-09-15 20:56:20 | INFO | {'message': 'I just found a trick! It was amazing.', 'author': 'Charlie', 'timestamp': '2025-09-15 20:56:20', 'category': 'other', 'sentiment': 0.73, 'keyword_mentioned': 'other', 'message_length': 37}
2025-09-15 20:56:25 | INFO | {'message': 'I just found game! It was amazing.', 'author': 'Bob', 'timestamp': '2025-09-15 20:56:25', 'category': 'gaming', 'sentiment': 0.84, 'keyword_mentioned': 'game', 'message_length': 34}
2025-09-15 20:56:30 | INFO | {'message': 'I just tried Python! It was exciting.', 'author': 'Eve', 'timestamp': '2025-09-15 20:56:30', 'category': 'tech', 'sentiment': 0.96, 'keyword_mentioned': 'Python', 'message_length': 37}
2025-09-15 20:56:35 | INFO | {'message': 'I just saw a story! It was boring.', 'author': 'Eve', 'timestamp': '2025-09-15 20:56:35', 'category': 'other', 'sentiment': 0.28, 'keyword_mentioned': 'other', 'message_length': 34}
2025-09-15 20:56:40 | INFO | {'message': 'I just shared a movie! It was boring.', 'author': 'Bob', 'timestamp': '2025-09-15 20:56:40', 'category': 'entertainment', 'sentiment': 0.51, 'keyword_mentioned': 'movie', 'message_length': 37}
2025-09-15 20:56:45 | INFO | {'message': 'I just tried a story! It was weird.', 'author': 'Eve', 'timestamp': '2025-09-15 20:56:45', 'category': 'other', 'sentiment': 0.69, 'keyword_mentioned': 'other', 'message_length': 35}
2025-09-15 20:56:50 | INFO | {'message': 'I just shared a movie! It was amazing.', 'author': 'Bob', 'timestamp': '2025-09-15 20:56:50', 'category': 'entertainment', 'sentiment': 0.76, 'keyword_mentioned': 'movie', 'message_length': 38}
2025-09-15 20:56:55 | INFO | {'message': 'I just shared a trick! It was exciting.', 'author': 'Bob', 'timestamp': '2025-09-15 20:56:55', 'category': 'other', 'sentiment': 0.58, 'keyword_mentioned': 'other', 'message_length': 39}
2025-09-15 20:57:00 | INFO | {'message': 'I just loved an app! It was weird.', 'author': 'Eve', 'timestamp': '2025-09-15 20:57:00', 'category': 'other', 'sentiment': 0.42, 'keyword_mentioned': 'other', 'message_length': 34}
2025-09-15 20:57:05 | INFO | {'message': 'I just found travel! It was weird.', 'author': 'Charlie', 'timestamp': '2025-09-15 20:57:05', 'category': 'travel', 'sentiment': 0.72, 'keyword_mentioned': 'travel', 'message_length': 34}
2025-09-15 20:57:10 | INFO | {'message': 'I just saw an app! It was boring.', 'author': 'Charlie', 'timestamp': '2025-09-15 20:57:10', 'category': 'other', 'sentiment': 0.49, 'keyword_mentioned': 'other', 'message_length': 33}
2025-09-15 20:57:15 | INFO | {'message': 'I just loved recipe! It was boring.', 'author': 'Charlie', 'timestamp': '2025-09-15 20:57:15', 'category': 'food', 'sentiment': 0.71, 'keyword_mentioned': 'recipe', 'message_length': 35}
2025-09-15 20:57:20 | INFO | {'message': 'I just saw travel! It was funny.', 'author': 'Eve', 'timestamp': '2025-09-15 20:57:20', 'category': 'travel', 'sentiment': 0.64, 'keyword_mentioned': 'travel', 'message_length': 32}
2025-09-15 20:57:25 | INFO | {'message': 'I just tried an app! It was exciting.', 'author': 'Bob', 'timestamp': '2025-09-15 20:57:25', 'category': 'other', 'sentiment': 0.87, 'keyword_mentioned': 'other', 'message_length': 37}
2025-09-15 20:57:30 | INFO | {'message': 'I just shared travel! It was amazing.', 'author': 'Eve', 'timestamp': '2025-09-15 20:57:30', 'category': 'travel', 'sentiment': 0.69, 'keyword_mentioned': 'travel', 'message_length': 37}
2025-09-15 20:57:35 | INFO | {'message': 'I just loved a movie! It was weird.', 'author': 'Eve', 'timestamp': '2025-09-15 20:57:35', 'category': 'entertainment', 'sentiment': 0.96, 'keyword_mentioned': 'movie', 'message_length': 35}
2025-09-15 20:57:40 | INFO | {'message': 'I just saw game! It was weird.', 'author': 'Charlie', 'timestamp': '2025-09-15 20:57:40', 'category': 'gaming', 'sentiment': 0.94, 'keyword_mentioned': 'game', 'message_length': 30}
2025-09-15 20:57:45 | INFO | {'message': 'I just saw a trick! It was funny.', 'author': 'Charlie', 'timestamp': '2025-09-15 20:57:45', 'category': 'other', 'sentiment': 0.3, 'keyword_mentioned': 'other', 'message_length': 33}
2025-09-15 20:57:50 | INFO | {'message': 'I just tried Python! It was funny.', 'author': 'Alice', 'timestamp': '2025-09-15 20:57:50', 'category': 'tech', 'sentiment': 0.82, 'keyword_mentioned': 'Python', 'message_length': 34}
2025-09-15 20:57:55 | INFO | {'message': 'I just tried a meme! It was exciting.', 'author': 'Bob', 'timestamp': '2025-09-15 20:57:55', 'category': 'humor', 'sentiment': 0.99, 'keyword_mentioned': 'meme', 'message_length': 37}
2025-09-15 20:58:00 | INFO | {'message': 'I just loved a movie! It was funny.', 'author': 'Bob', 'timestamp': '2025-09-15 20:58:00', 'category': 'entertainment', 'sentiment': 0.94, 'keyword_mentioned': 'movie', 'message_length': 35}
2025-09-15 20:58:05 | INFO | {'message': 'I just shared a trick! It was boring.', 'author': 'Charlie', 'timestamp': '2025-09-15 20:58:05', 'category': 'other', 'sentiment': 0.74, 'keyword_mentioned': 'other', 'message_length': 37}
2025-09-15 20:58:10 | INFO | {'message': 'I just found a movie! It was weird.', 'author': 'Alice', 'timestamp': '2025-09-15 20:58:10', 'category': 'entertainment', 'sentiment': 0.15, 'keyword_mentioned': 'movie', 'message_length': 35}
2025-09-15 20:58:15 | INFO | {'message': 'I just saw JavaScript! It was boring.', 'author': 'Bob', 'timestamp': '2025-09-15 20:58:15', 'category': 'tech', 'sentiment': 0.69, 'keyword_mentioned': 'JavaScript', 'message_length': 37}
2025-09-15 20:58:20 | INFO | {'message': 'I just loved an app! It was amazing.', 'author': 'Alice', 'timestamp': '2025-09-15 20:58:20', 'category': 'other', 'sentiment': 0.56, 'keyword_mentioned': 'other', 'message_length': 36}
2025-09-15 20:58:25 | INFO | {'message': 'I just loved game! It was boring.', 'author': 'Alice', 'timestamp': '2025-09-15 20:58:25', 'category': 'gaming', 'sentiment': 0.73, 'keyword_mentioned': 'game', 'message_length': 33}
2025-09-15 20:58:30 | INFO | {'message': 'I just tried Python! It was funny.', 'author': 'Bob', 'timestamp': '2025-09-15 20:58:30', 'category': 'tech', 'sentiment': 0.5, 'keyword_mentioned': 'Python', 'message_length': 34}
2025-09-15 20:58:35 | INFO | {'message': 'I just found travel! It was funny.', 'author': 'Alice', 'timestamp': '2025-09-15 20:58:35', 'category': 'travel', 'sentiment': 0.75, 'keyword_mentioned': 'travel', 'message_length': 34}
2025-09-15 20:58:40 | INFO | {'message': 'I just loved JavaScript! It was exciting.', 'author': 'Bob', 'timestamp': '2025-09-15 20:58:40', 'category': 'tech', 'sentiment': 0.02, 'keyword_mentioned': 'JavaScript', 'message_length': 41}
2025-09-15 20:58:45 | INFO | {'message': 'I just tried recipe! It was weird.', 'author': 'Bob', 'timestamp': '2025-09-15 20:58:45', 'category': 'food', 'sentiment': 0.96, 'keyword_mentioned': 'recipe', 'message_length': 34}
2025-09-15 20:58:50 | INFO | {'message': 'I just found an app! It was amazing.', 'author': 'Eve', 'timestamp': '2025-09-15 20:58:50', 'category': 'other', 'sentiment': 0.82, 'keyword_mentioned': 'other', 'message_length': 36}
2025-09-15 20:58:55 | INFO | {'message': 'I just loved JavaScript! It was exciting.', 'author': 'Charlie', 'timestamp': '2025-09-15 20:58:55', 'category': 'tech', 'sentiment': 0.22, 'keyword_mentioned': 'JavaScript', 'message_length': 41}
