2025-09-15 20:59:00 | INFO | {'message': 'I just loved a story! It was boring.', 'author': 'Bob', 'timestamp': '2025-09-15 20:59:00', 'category': 'other', 'sentiment': 0.51, 'keyword_mentioned': 'other', 'message_length': 36}
2025-09-15 20:59:05 | INFO | {'message': 'I just found a story! It was funny.', 'author': 'Eve', 'timestamp': '2025-09-15 20:59:05', 'category': 'other', 'sentiment': 0.04, 'keyword_mentioned': 'other', 'message_length': 35}
2025-09-15 20:59:10 | INFO | {'message': 'I just loved JavaScript! It was exciting.', 'author': 'Bob', 'timestamp': '2025-09-15 20:59:10', 'category': 'tech', 'sentiment': 0.37, 'keyword_mentioned': 'JavaScript', 'message_length': 41}
2025-09-15 20:59:15 | INFO | {'message': 'I just saw travel! It was funny.', 'author': 'Alice', 'timestamp': '2025-09-15 20:59:15', 'category': 'travel', 'sentiment': 0.54, 'keyword_mentioned': 'travel', 'message_length': 32}
2025-09-15 20:59:16 | INFO | Logging to file: logs/project_log.log
2025-09-15 20:59:16 | INFO | Log sanitization enabled, personal info removed
2025-09-15 20:59:16 | INFO | Starting DuckDB db testing.
2025-09-15 20:59:16 | INFO | Using DuckDB file at: data/buzz.duckdb
2025-09-15 20:59:16 | INFO | Calling DuckDB init_db() with {db_path=}.
2025-09-15 20:59:16 | INFO | SUCCESS: Connected to DuckDB.
2025-09-15 20:59:16 | ERROR | ERROR: Failed to initialize DuckDB at data/buzz.duckdb: Parser Error: syntax error at or near "GENERATED"
2025-09-15 20:59:16 | INFO | Calling DuckDB insert_message() with:
2025-09-15 20:59:16 | INFO | message={'message': 'I just shared a meme! It was amazing.', 'author': 'Charlie', 'timestamp': '2025-01-29 14:35:20', 'category': 'humor', 'sentiment': 0.87, 'keyword_mentioned': 'meme', 'message_length': 42}
2025-09-15 20:59:16 | INFO | db_path=WindowsPath('data/buzz.duckdb')
2025-09-15 20:59:20 | INFO | {'message': 'I just found game! It was amazing.', 'author': 'Charlie', 'timestamp': '2025-09-15 20:59:20', 'category': 'gaming', 'sentiment': 0.19, 'keyword_mentioned': 'game', 'message_length': 34}
2025-09-15 20:59:22 | ERROR | ERROR: Failed to insert message into DuckDB: Catalog Error: Table with name streamed_messages does not exist!
Did you mean "sqlite_temp_master"?
2025-09-15 20:59:22 | ERROR | ERROR: Verification SELECT failed: Catalog Error: Table with name streamed_messages does not exist!
Did you mean "sqlite_temp_master"?

LINE 3:             FROM streamed_messages
                         ^
2025-09-15 20:59:22 | INFO | Finished DuckDB db testing.
